;  LST file generated by mikroListExporter - v.2.0 
; Date/Time: 8/8/2024 12:36:56 AM
;----------------------------------------------

;Address Opcode 	ASM
0x0000	0x2A8F      	GOTO       655
_interrupt:
0x0004	0x00FF      	MOVWF      R15
0x0005	0x0E03      	SWAPF      STATUS, 0
0x0006	0x0183      	CLRF       STATUS
0x0007	0x00C0      	MOVWF      ___saveSTATUS
0x0008	0x080A      	MOVF       PCLATH, 0
0x0009	0x00BF      	MOVWF      ___savePCLATH
0x000A	0x018A      	CLRF       PCLATH
0x000B	0x0870      	MOVF       R0, 0
0x000C	0x00A9      	MOVWF      41
0x000D	0x0871      	MOVF       R1, 0
0x000E	0x00A8      	MOVWF      40
0x000F	0x0874      	MOVF       R4, 0
0x0010	0x00A7      	MOVWF      39
0x0011	0x0875      	MOVF       R5, 0
0x0012	0x00A6      	MOVWF      38
0x0013	0x0878      	MOVF       R8, 0
0x0014	0x00A5      	MOVWF      37
0x0015	0x0879      	MOVF       R9, 0
0x0016	0x00A4      	MOVWF      36
0x0017	0x087A      	MOVF       R10, 0
0x0018	0x00A3      	MOVWF      35
0x0019	0x087B      	MOVF       R11, 0
0x001A	0x00A2      	MOVWF      34
0x001B	0x087C      	MOVF       R12, 0
0x001C	0x00A1      	MOVWF      33
0x001D	0x087D      	MOVF       R13, 0
0x001E	0x00A0      	MOVWF      32
0x001F	0x0804      	MOVF       FSR, 0
0x0020	0x00AA      	MOVWF      42
;Traffic.c,43 :: 		void interrupt(){
;Traffic.c,44 :: 		if(INTF_bit==1 ){
0x0021	0x1C8B      	BTFSS      INTF_bit, BitPos(INTF_bit+0)
0x0022	0x2835      	GOTO       L_interrupt11
;Traffic.c,45 :: 		INTF_bit=0;
0x0023	0x108B      	BCF        INTF_bit, BitPos(INTF_bit+0)
;Traffic.c,46 :: 		if(portc.b7==0){
0x0024	0x1B87      	BTFSC      PORTC, 7
0x0025	0x2835      	GOTO       L_interrupt12
;Traffic.c,47 :: 		if(manChar==3){manChar=0;}
0x0026	0x3000      	MOVLW      0
0x0027	0x062D      	XORWF      _manChar+1, 0
0x0028	0x1D03      	BTFSS      STATUS, 2
0x0029	0x282C      	GOTO       L__interrupt49
0x002A	0x3003      	MOVLW      3
0x002B	0x062C      	XORWF      _manChar, 0
L__interrupt49:
0x002C	0x1D03      	BTFSS      STATUS, 2
0x002D	0x2831      	GOTO       L_interrupt13
0x002E	0x01AC      	CLRF       _manChar
0x002F	0x01AD      	CLRF       _manChar+1
0x0030	0x2834      	GOTO       L_interrupt14
L_interrupt13:
;Traffic.c,48 :: 		else{manChar++;}
0x0031	0x0AAC      	INCF       _manChar, 1
0x0032	0x1903      	BTFSC      STATUS, 2
0x0033	0x0AAD      	INCF       _manChar+1, 1
L_interrupt14:
;Traffic.c,49 :: 		manualm();
0x0034	0x21FE      	CALL       _manualm
;Traffic.c,50 :: 		}
L_interrupt12:
;Traffic.c,51 :: 		}
L_interrupt11:
;Traffic.c,52 :: 		}
L_end_interrupt:
L__interrupt48:
0x0035	0x0829      	MOVF       41, 0
0x0036	0x00F0      	MOVWF      R0
0x0037	0x0828      	MOVF       40, 0
0x0038	0x00F1      	MOVWF      R1
0x0039	0x0827      	MOVF       39, 0
0x003A	0x00F4      	MOVWF      R4
0x003B	0x0826      	MOVF       38, 0
0x003C	0x00F5      	MOVWF      R5
0x003D	0x0825      	MOVF       37, 0
0x003E	0x00F8      	MOVWF      R8
0x003F	0x0824      	MOVF       36, 0
0x0040	0x00F9      	MOVWF      R9
0x0041	0x0823      	MOVF       35, 0
0x0042	0x00FA      	MOVWF      R10
0x0043	0x0822      	MOVF       34, 0
0x0044	0x00FB      	MOVWF      R11
0x0045	0x0821      	MOVF       33, 0
0x0046	0x00FC      	MOVWF      R12
0x0047	0x0820      	MOVF       32, 0
0x0048	0x00FD      	MOVWF      R13
0x0049	0x082A      	MOVF       42, 0
0x004A	0x0084      	MOVWF      FSR
0x004B	0x083F      	MOVF       ___savePCLATH, 0
0x004C	0x008A      	MOVWF      PCLATH
0x004D	0x0E40      	SWAPF      ___saveSTATUS, 0
0x004E	0x0083      	MOVWF      STATUS
0x004F	0x0EFF      	SWAPF      R15, 1
0x0050	0x0E7F      	SWAPF      R15, 0
0x0051	0x0009      	RETFIE
; end of _interrupt
_Div_16x16_S_L:
;__Lib_Math.c,420 :: 		
;__Lib_Math.c,426 :: 		
0x0052	0x0D71      	RLF        R1, 0
;__Lib_Math.c,427 :: 		
0x0053	0x0DF8      	RLF        R8, 1
;__Lib_Math.c,428 :: 		
0x0054	0x0DF9      	RLF        R9, 1
;__Lib_Math.c,429 :: 		
0x0055	0x0874      	MOVF       R4, 0
;__Lib_Math.c,430 :: 		
0x0056	0x02F8      	SUBWF      R8, 1
;__Lib_Math.c,431 :: 		
0x0057	0x0875      	MOVF       R5, 0
;__Lib_Math.c,432 :: 		
0x0058	0x1C03      	BTFSS      STATUS, 0
;__Lib_Math.c,433 :: 		
0x0059	0x0F75      	INCFSZ     R5, 0
;__Lib_Math.c,434 :: 		
0x005A	0x02F9      	SUBWF      R9, 1
;__Lib_Math.c,435 :: 		
0x005B	0x0DF0      	RLF        R0, 1
;__Lib_Math.c,436 :: 		
0x005C	0x0DF1      	RLF        R1, 1
;__Lib_Math.c,438 :: 		
0x005D	0x300F      	MOVLW      15
;__Lib_Math.c,439 :: 		
0x005E	0x00FC      	MOVWF      R12
;__Lib_Math.c,441 :: 		
0x005F	0x0D71      	RLF        R1, 0
;__Lib_Math.c,442 :: 		
0x0060	0x0DF8      	RLF        R8, 1
;__Lib_Math.c,443 :: 		
0x0061	0x0DF9      	RLF        R9, 1
;__Lib_Math.c,444 :: 		
0x0062	0x0874      	MOVF       R4, 0
;__Lib_Math.c,446 :: 		
0x0063	0x1C70      	BTFSS      R0, 0
;__Lib_Math.c,447 :: 		
0x0064	0x286B      	GOTO       $+7
;__Lib_Math.c,448 :: 		
0x0065	0x02F8      	SUBWF      R8, 1
;__Lib_Math.c,449 :: 		
0x0066	0x0875      	MOVF       R5, 0
;__Lib_Math.c,450 :: 		
0x0067	0x1C03      	BTFSS      STATUS, 0
;__Lib_Math.c,451 :: 		
0x0068	0x0F75      	INCFSZ     R5, 0
;__Lib_Math.c,452 :: 		
0x0069	0x02F9      	SUBWF      R9, 1
;__Lib_Math.c,453 :: 		
0x006A	0x2870      	GOTO       $+6
;__Lib_Math.c,455 :: 		
0x006B	0x07F8      	ADDWF      R8, 1
;__Lib_Math.c,456 :: 		
0x006C	0x0875      	MOVF       R5, 0
;__Lib_Math.c,457 :: 		
0x006D	0x1803      	BTFSC      STATUS, 0
;__Lib_Math.c,458 :: 		
0x006E	0x0F75      	INCFSZ     R5, 0
;__Lib_Math.c,459 :: 		
0x006F	0x07F9      	ADDWF      R9, 1
;__Lib_Math.c,461 :: 		
0x0070	0x0DF0      	RLF        R0, 1
;__Lib_Math.c,462 :: 		
0x0071	0x0DF1      	RLF        R1, 1
;__Lib_Math.c,464 :: 		
0x0072	0x0BFC      	DECFSZ     R12, 1
;__Lib_Math.c,465 :: 		
0x0073	0x285F      	GOTO       $-20
;__Lib_Math.c,467 :: 		
0x0074	0x1870      	BTFSC      R0, 0
;__Lib_Math.c,468 :: 		
0x0075	0x287C      	GOTO       $+7
;__Lib_Math.c,469 :: 		
0x0076	0x0874      	MOVF       R4, 0
;__Lib_Math.c,470 :: 		
0x0077	0x07F8      	ADDWF      R8, 1
;__Lib_Math.c,471 :: 		
0x0078	0x0875      	MOVF       R5, 0
;__Lib_Math.c,472 :: 		
0x0079	0x1803      	BTFSC      STATUS, 0
;__Lib_Math.c,473 :: 		
0x007A	0x0F75      	INCFSZ     R5, 0
;__Lib_Math.c,474 :: 		
0x007B	0x07F9      	ADDWF      R9, 1
;__Lib_Math.c,475 :: 		
0x007C	0x0000      	NOP
;__Lib_Math.c,477 :: 		
L_end_Div_16x16_S_L:
0x007D	0x0008      	RETURN
; end of _Div_16x16_S_L
_Div_16x16_S:
;__Lib_Math.c,479 :: 		
;__Lib_Math.c,487 :: 		
0x007E	0x1283      	BCF        STATUS, 5
0x007F	0x1303      	BCF        STATUS, 6
0x0080	0x0874      	MOVF       R4, 0
0x0081	0x3A00      	XORLW      0
0x0082	0x1D03      	BTFSS      STATUS, 2
0x0083	0x288D      	GOTO       L_Div_16x16_S0
;__Lib_Math.c,488 :: 		
0x0084	0x0875      	MOVF       R5, 0
0x0085	0x3A00      	XORLW      0
0x0086	0x1D03      	BTFSS      STATUS, 2
0x0087	0x288D      	GOTO       L_Div_16x16_S1
;__Lib_Math.c,489 :: 		
0x0088	0x30FF      	MOVLW      255
0x0089	0x00F0      	MOVWF      R0
;__Lib_Math.c,490 :: 		
0x008A	0x307F      	MOVLW      127
0x008B	0x00F1      	MOVWF      R1
;__Lib_Math.c,491 :: 		
0x008C	0x28E6      	GOTO       L_end_Div_16x16_S
;__Lib_Math.c,492 :: 		
L_Div_16x16_S1:
L_Div_16x16_S0:
;__Lib_Math.c,495 :: 		
0x008D	0x1283      	BCF        STATUS, 5
;__Lib_Math.c,496 :: 		
0x008E	0x1303      	BCF        STATUS, 6
;__Lib_Math.c,497 :: 		
0x008F	0x01FD      	CLRF       R13
;__Lib_Math.c,498 :: 		
0x0090	0x01F9      	CLRF       R9
;__Lib_Math.c,499 :: 		
0x0091	0x01F8      	CLRF       R8
;__Lib_Math.c,500 :: 		
0x0092	0x0871      	MOVF       R1, 0
;__Lib_Math.c,501 :: 		
0x0093	0x0470      	IORWF      R0, 0
;__Lib_Math.c,502 :: 		
0x0094	0x1903      	BTFSC      STATUS, 2
;__Lib_Math.c,503 :: 		
0x0095	0x3400      	RETLW      0
;__Lib_Math.c,505 :: 		
0x0096	0x0871      	MOVF       R1, 0
;__Lib_Math.c,506 :: 		
0x0097	0x0675      	XORWF      R5, 0
;__Lib_Math.c,507 :: 		
0x0098	0x00FA      	MOVWF      R10
;__Lib_Math.c,508 :: 		
0x0099	0x1BFA      	BTFSC      R10, 7
;__Lib_Math.c,509 :: 		
0x009A	0x09FD      	COMF       R13, 1
;__Lib_Math.c,511 :: 		
0x009B	0x01FB      	CLRF       R11
;__Lib_Math.c,513 :: 		
0x009C	0x1FF5      	BTFSS      R5, 7
;__Lib_Math.c,514 :: 		
0x009D	0x28A3      	GOTO       $+6
;__Lib_Math.c,516 :: 		
0x009E	0x09F4      	COMF       R4, 1
;__Lib_Math.c,517 :: 		
0x009F	0x09F5      	COMF       R5, 1
;__Lib_Math.c,518 :: 		
0x00A0	0x0AF4      	INCF       R4, 1
;__Lib_Math.c,519 :: 		
0x00A1	0x1903      	BTFSC      STATUS, 2
;__Lib_Math.c,520 :: 		
0x00A2	0x0AF5      	INCF       R5, 1
;__Lib_Math.c,522 :: 		
0x00A3	0x1FF1      	BTFSS      R1, 7
;__Lib_Math.c,523 :: 		
0x00A4	0x28AA      	GOTO       $+6
;__Lib_Math.c,525 :: 		
0x00A5	0x09F0      	COMF       R0, 1
;__Lib_Math.c,526 :: 		
0x00A6	0x09F1      	COMF       R1, 1
;__Lib_Math.c,527 :: 		
0x00A7	0x0AF0      	INCF       R0, 1
;__Lib_Math.c,528 :: 		
0x00A8	0x1903      	BTFSC      STATUS, 2
;__Lib_Math.c,529 :: 		
0x00A9	0x0AF1      	INCF       R1, 1
;__Lib_Math.c,531 :: 		
0x00AA	0x0871      	MOVF       R1, 0
;__Lib_Math.c,532 :: 		
0x00AB	0x0475      	IORWF      R5, 0
;__Lib_Math.c,533 :: 		
0x00AC	0x00FA      	MOVWF      R10
;__Lib_Math.c,534 :: 		
0x00AD	0x1BFA      	BTFSC      R10, 7
;__Lib_Math.c,535 :: 		
0x00AE	0x28BF      	GOTO       $+17
;__Lib_Math.c,537 :: 		
0x00AF	0x2052      	CALL       _Div_16x16_S_L
;__Lib_Math.c,539 :: 		
0x00B0	0x187B      	BTFSC      R11, 0
;__Lib_Math.c,540 :: 		
0x00B1	0x28D2      	GOTO       $+33
;__Lib_Math.c,542 :: 		
0x00B2	0x1FFD      	BTFSS      R13, 7
;__Lib_Math.c,543 :: 		
0x00B3	0x3400      	RETLW      0
;__Lib_Math.c,545 :: 		
0x00B4	0x09F0      	COMF       R0, 1
;__Lib_Math.c,546 :: 		
0x00B5	0x09F1      	COMF       R1, 1
;__Lib_Math.c,547 :: 		
0x00B6	0x0AF0      	INCF       R0, 1
;__Lib_Math.c,548 :: 		
0x00B7	0x1903      	BTFSC      STATUS, 2
;__Lib_Math.c,549 :: 		
0x00B8	0x0AF1      	INCF       R1, 1
;__Lib_Math.c,551 :: 		
0x00B9	0x09F8      	COMF       R8, 1
;__Lib_Math.c,552 :: 		
0x00BA	0x09F9      	COMF       R9, 1
;__Lib_Math.c,553 :: 		
0x00BB	0x0AF8      	INCF       R8, 1
;__Lib_Math.c,554 :: 		
0x00BC	0x1903      	BTFSC      STATUS, 2
;__Lib_Math.c,555 :: 		
0x00BD	0x0AF9      	INCF       R9, 1
;__Lib_Math.c,557 :: 		
0x00BE	0x3400      	RETLW      0
;__Lib_Math.c,559 :: 		
0x00BF	0x1FF5      	BTFSS      R5, 7
;__Lib_Math.c,560 :: 		
0x00C0	0x28CE      	GOTO       $+14
;__Lib_Math.c,561 :: 		
0x00C1	0x1BF1      	BTFSC      R1, 7
;__Lib_Math.c,562 :: 		
0x00C2	0x28CA      	GOTO       $+8
;__Lib_Math.c,563 :: 		
0x00C3	0x0871      	MOVF       R1, 0
;__Lib_Math.c,564 :: 		
0x00C4	0x00F9      	MOVWF      R9
;__Lib_Math.c,565 :: 		
0x00C5	0x0870      	MOVF       R0, 0
;__Lib_Math.c,566 :: 		
0x00C6	0x00F8      	MOVWF      R8
;__Lib_Math.c,567 :: 		
0x00C7	0x01F1      	CLRF       R1
;__Lib_Math.c,568 :: 		
0x00C8	0x01F0      	CLRF       R0
;__Lib_Math.c,569 :: 		
0x00C9	0x28B2      	GOTO       $-23
;__Lib_Math.c,570 :: 		
0x00CA	0x01F1      	CLRF       R1
;__Lib_Math.c,571 :: 		
0x00CB	0x01F0      	CLRF       R0
;__Lib_Math.c,572 :: 		
0x00CC	0x0AF0      	INCF       R0, 1
;__Lib_Math.c,573 :: 		
0x00CD	0x3400      	RETLW      0
;__Lib_Math.c,575 :: 		
0x00CE	0x09F1      	COMF       R1, 1
;__Lib_Math.c,576 :: 		
0x00CF	0x09F0      	COMF       R0, 1
;__Lib_Math.c,577 :: 		
0x00D0	0x0AFB      	INCF       R11, 1
;__Lib_Math.c,578 :: 		
0x00D1	0x28AF      	GOTO       $-34
;__Lib_Math.c,580 :: 		
0x00D2	0x0AF8      	INCF       R8, 1
;__Lib_Math.c,581 :: 		
0x00D3	0x1903      	BTFSC      STATUS, 2
;__Lib_Math.c,582 :: 		
0x00D4	0x0AF9      	INCF       R9, 1
;__Lib_Math.c,583 :: 		
0x00D5	0x0874      	MOVF       R4, 0
;__Lib_Math.c,584 :: 		
0x00D6	0x0278      	SUBWF      R8, 0
;__Lib_Math.c,585 :: 		
0x00D7	0x1D03      	BTFSS      STATUS, 2
;__Lib_Math.c,586 :: 		
0x00D8	0x28B2      	GOTO       $-38
;__Lib_Math.c,587 :: 		
0x00D9	0x0875      	MOVF       R5, 0
;__Lib_Math.c,588 :: 		
0x00DA	0x0279      	SUBWF      R9, 0
;__Lib_Math.c,589 :: 		
0x00DB	0x1D03      	BTFSS      STATUS, 2
;__Lib_Math.c,590 :: 		
0x00DC	0x28B2      	GOTO       $-42
;__Lib_Math.c,591 :: 		
0x00DD	0x01F9      	CLRF       R9
;__Lib_Math.c,592 :: 		
0x00DE	0x01F8      	CLRF       R8
;__Lib_Math.c,593 :: 		
0x00DF	0x0AF0      	INCF       R0, 1
;__Lib_Math.c,594 :: 		
0x00E0	0x1903      	BTFSC      STATUS, 2
;__Lib_Math.c,595 :: 		
0x00E1	0x0AF1      	INCF       R1, 1
;__Lib_Math.c,596 :: 		
0x00E2	0x1FF1      	BTFSS      R1, 7
;__Lib_Math.c,597 :: 		
0x00E3	0x28B2      	GOTO       $-49
;__Lib_Math.c,598 :: 		
0x00E4	0x0000      	NOP
;__Lib_Math.c,599 :: 		
0x00E5	0x34FF      	RETLW      255
;__Lib_Math.c,601 :: 		
L_end_Div_16x16_S:
0x00E6	0x0008      	RETURN
; end of _Div_16x16_S
_____DoICP:
;__Lib_System.c,6 :: 		
;__Lib_System.c,9 :: 		
0x00E7	0x1283      	BCF        STATUS, 5
0x00E8	0x1303      	BCF        STATUS, 6
0x00E9	0x083B      	MOVF       ___DoICPAddr+1, 0
0x00EA	0x008A      	MOVWF      PCLATH
;__Lib_System.c,10 :: 		
0x00EB	0x083A      	MOVF       ___DoICPAddr, 0
0x00EC	0x0082      	MOVWF      PCL
;__Lib_System.c,12 :: 		
L_end_____DoICP:
0x00ED	0x0008      	RETURN
; end of _____DoICP
_Div_8X8_U:
;__Lib_Math.c,189 :: 		
;__Lib_Math.c,196 :: 		
0x00EE	0x1283      	BCF        STATUS, 5
;__Lib_Math.c,197 :: 		
0x00EF	0x1303      	BCF        STATUS, 6
;__Lib_Math.c,198 :: 		
0x00F0	0x01F8      	CLRF       R8
;__Lib_Math.c,199 :: 		
0x00F1	0x3008      	MOVLW      8
;__Lib_Math.c,200 :: 		
0x00F2	0x00FC      	MOVWF      R12
;__Lib_Math.c,201 :: 		
0x00F3	0x0D70      	RLF        R0, 0
;__Lib_Math.c,202 :: 		
0x00F4	0x0DF8      	RLF        R8, 1
;__Lib_Math.c,203 :: 		
0x00F5	0x0874      	MOVF       R4, 0
;__Lib_Math.c,204 :: 		
0x00F6	0x02F8      	SUBWF      R8, 1
;__Lib_Math.c,205 :: 		
0x00F7	0x1803      	BTFSC      STATUS, 0
;__Lib_Math.c,206 :: 		
0x00F8	0x28FB      	GOTO       $+3
;__Lib_Math.c,207 :: 		
0x00F9	0x07F8      	ADDWF      R8, 1
;__Lib_Math.c,208 :: 		
0x00FA	0x1003      	BCF        STATUS, 0
;__Lib_Math.c,209 :: 		
0x00FB	0x0DF0      	RLF        R0, 1
;__Lib_Math.c,210 :: 		
0x00FC	0x0BFC      	DECFSZ     R12, 1
;__Lib_Math.c,211 :: 		
0x00FD	0x28F3      	GOTO       $-10
;__Lib_Math.c,213 :: 		
L_end_Div_8X8_U:
0x00FE	0x0008      	RETURN
; end of _Div_8X8_U
_autoh:
;Traffic.c,55 :: 		void autoh(){
;Traffic.c,56 :: 		while(portc.b7==1){
L_autoh15:
0x00FF	0x1283      	BCF        STATUS, 5
0x0100	0x1303      	BCF        STATUS, 6
0x0101	0x1F87      	BTFSS      PORTC, 7
0x0102	0x29FD      	GOTO       L_autoh16
;Traffic.c,57 :: 		manChar=0; k=3;portc=leds[manChar];  //yellw=1;
0x0103	0x01AC      	CLRF       _manChar
0x0104	0x01AD      	CLRF       _manChar+1
0x0105	0x3003      	MOVLW      3
0x0106	0x00AB      	MOVWF      _k
0x0107	0x082C      	MOVF       _manChar, 0
0x0108	0x3E2F      	ADDLW      _leds
0x0109	0x0084      	MOVWF      FSR
0x010A	0x0800      	MOVF       INDF, 0
0x010B	0x0087      	MOVWF      PORTC
;Traffic.c,58 :: 		for(i=23;i>0;i--){
0x010C	0x3017      	MOVLW      23
0x010D	0x00AE      	MOVWF      _i
L_autoh17:
0x010E	0x082E      	MOVF       _i, 0
0x010F	0x3C00      	SUBLW      0
0x0110	0x1803      	BTFSC      STATUS, 0
0x0111	0x2981      	GOTO       L_autoh18
;Traffic.c,59 :: 		if(i==20){k=20;manChar++; portc=leds[manChar];}//greenw=1; yellw=0;
0x0112	0x082E      	MOVF       _i, 0
0x0113	0x3A14      	XORLW      20
0x0114	0x1D03      	BTFSS      STATUS, 2
0x0115	0x2920      	GOTO       L_autoh20
0x0116	0x3014      	MOVLW      20
0x0117	0x00AB      	MOVWF      _k
0x0118	0x0AAC      	INCF       _manChar, 1
0x0119	0x1903      	BTFSC      STATUS, 2
0x011A	0x0AAD      	INCF       _manChar+1, 1
0x011B	0x082C      	MOVF       _manChar, 0
0x011C	0x3E2F      	ADDLW      _leds
0x011D	0x0084      	MOVWF      FSR
0x011E	0x0800      	MOVF       INDF, 0
0x011F	0x0087      	MOVWF      PORTC
L_autoh20:
;Traffic.c,60 :: 		for(j=0;j<50;j++){ if(portc.b7==0){return;}
0x0120	0x01B3      	CLRF       _j
L_autoh21:
0x0121	0x3032      	MOVLW      50
0x0122	0x0233      	SUBWF      _j, 0
0x0123	0x1803      	BTFSC      STATUS, 0
0x0124	0x2978      	GOTO       L_autoh22
0x0125	0x1B87      	BTFSC      PORTC, 7
0x0126	0x2928      	GOTO       L_autoh24
0x0127	0x29FD      	GOTO       L_end_autoh
L_autoh24:
;Traffic.c,62 :: 		rights=i%10;   rightw=k%10;
0x0128	0x300A      	MOVLW      10
0x0129	0x00F4      	MOVWF      R4
0x012A	0x082E      	MOVF       _i, 0
0x012B	0x00F0      	MOVWF      R0
0x012C	0x20EE      	CALL       _Div_8X8_U
0x012D	0x0878      	MOVF       R8, 0
0x012E	0x00F0      	MOVWF      R0
0x012F	0x0870      	MOVF       R0, 0
0x0130	0x00C2      	MOVWF      FLOC__autoh+1
0x0131	0x0842      	MOVF       FLOC__autoh+1, 0
0x0132	0x00B7      	MOVWF      _rights
0x0133	0x300A      	MOVLW      10
0x0134	0x00F4      	MOVWF      R4
0x0135	0x082B      	MOVF       _k, 0
0x0136	0x00F0      	MOVWF      R0
0x0137	0x20EE      	CALL       _Div_8X8_U
0x0138	0x0878      	MOVF       R8, 0
0x0139	0x00F0      	MOVWF      R0
0x013A	0x0870      	MOVF       R0, 0
0x013B	0x00C1      	MOVWF      FLOC__autoh
0x013C	0x0841      	MOVF       FLOC__autoh, 0
0x013D	0x00B6      	MOVWF      _rightw
;Traffic.c,63 :: 		Ls=i/10;       Lw=k/10;
0x013E	0x300A      	MOVLW      10
0x013F	0x00F4      	MOVWF      R4
0x0140	0x082E      	MOVF       _i, 0
0x0141	0x00F0      	MOVWF      R0
0x0142	0x20EE      	CALL       _Div_8X8_U
0x0143	0x0870      	MOVF       R0, 0
0x0144	0x00B9      	MOVWF      _Ls
0x0145	0x300A      	MOVLW      10
0x0146	0x00F4      	MOVWF      R4
0x0147	0x082B      	MOVF       _k, 0
0x0148	0x00F0      	MOVWF      R0
0x0149	0x20EE      	CALL       _Div_8X8_U
0x014A	0x0870      	MOVF       R0, 0
0x014B	0x00B8      	MOVWF      _Lw
;Traffic.c,65 :: 		porta.B5=1;   portE.B1=1;                       //left segments off
0x014C	0x1685      	BSF        PORTA, 5
0x014D	0x1489      	BSF        PORTE, 1
;Traffic.c,66 :: 		porta.b2=0;   portE.B0=0;                       //Right segments on
0x014E	0x1105      	BCF        PORTA, 2
0x014F	0x1009      	BCF        PORTE, 0
;Traffic.c,67 :: 		portd=rights;        portb=rightw<<1;
0x0150	0x0842      	MOVF       FLOC__autoh+1, 0
0x0151	0x0088      	MOVWF      PORTD
0x0152	0x0841      	MOVF       FLOC__autoh, 0
0x0153	0x00F0      	MOVWF      R0
0x0154	0x0DF0      	RLF        R0, 1
0x0155	0x1070      	BCF        R0, 0
0x0156	0x0870      	MOVF       R0, 0
0x0157	0x0086      	MOVWF      PORTB
;Traffic.c,68 :: 		Delay_ms(10);
0x0158	0x301A      	MOVLW      26
0x0159	0x00FC      	MOVWF      R12
0x015A	0x30F8      	MOVLW      248
0x015B	0x00FD      	MOVWF      R13
L_autoh25:
0x015C	0x0BFD      	DECFSZ     R13, 1
0x015D	0x295C      	GOTO       L_autoh25
0x015E	0x0BFC      	DECFSZ     R12, 1
0x015F	0x295C      	GOTO       L_autoh25
0x0160	0x0000      	NOP
;Traffic.c,70 :: 		porta.B5=0;   portE.B1=0;                       //left segments on
0x0161	0x1285      	BCF        PORTA, 5
0x0162	0x1089      	BCF        PORTE, 1
;Traffic.c,71 :: 		porta.b2=1;    portE.B0=1;                     //Right segments off
0x0163	0x1505      	BSF        PORTA, 2
0x0164	0x1409      	BSF        PORTE, 0
;Traffic.c,72 :: 		portd=Ls;     portb=Lw<<1;
0x0165	0x0839      	MOVF       _Ls, 0
0x0166	0x0088      	MOVWF      PORTD
0x0167	0x0838      	MOVF       _Lw, 0
0x0168	0x00F0      	MOVWF      R0
0x0169	0x0DF0      	RLF        R0, 1
0x016A	0x1070      	BCF        R0, 0
0x016B	0x0870      	MOVF       R0, 0
0x016C	0x0086      	MOVWF      PORTB
;Traffic.c,73 :: 		Delay_ms(10);
0x016D	0x301A      	MOVLW      26
0x016E	0x00FC      	MOVWF      R12
0x016F	0x30F8      	MOVLW      248
0x0170	0x00FD      	MOVWF      R13
L_autoh26:
0x0171	0x0BFD      	DECFSZ     R13, 1
0x0172	0x2971      	GOTO       L_autoh26
0x0173	0x0BFC      	DECFSZ     R12, 1
0x0174	0x2971      	GOTO       L_autoh26
0x0175	0x0000      	NOP
;Traffic.c,60 :: 		for(j=0;j<50;j++){ if(portc.b7==0){return;}
0x0176	0x0AB3      	INCF       _j, 1
;Traffic.c,74 :: 		}
0x0177	0x2921      	GOTO       L_autoh21
L_autoh22:
;Traffic.c,75 :: 		k--;    if(k==0){k=1;}
0x0178	0x03AB      	DECF       _k, 1
0x0179	0x082B      	MOVF       _k, 0
0x017A	0x3A00      	XORLW      0
0x017B	0x1D03      	BTFSS      STATUS, 2
0x017C	0x297F      	GOTO       L_autoh27
0x017D	0x3001      	MOVLW      1
0x017E	0x00AB      	MOVWF      _k
L_autoh27:
;Traffic.c,58 :: 		for(i=23;i>0;i--){
0x017F	0x03AE      	DECF       _i, 1
;Traffic.c,76 :: 		}
0x0180	0x290E      	GOTO       L_autoh17
L_autoh18:
;Traffic.c,78 :: 		k=3; manChar++;    portc=leds[manChar];// yells=1;
0x0181	0x3003      	MOVLW      3
0x0182	0x00AB      	MOVWF      _k
0x0183	0x0AAC      	INCF       _manChar, 1
0x0184	0x1903      	BTFSC      STATUS, 2
0x0185	0x0AAD      	INCF       _manChar+1, 1
0x0186	0x082C      	MOVF       _manChar, 0
0x0187	0x3E2F      	ADDLW      _leds
0x0188	0x0084      	MOVWF      FSR
0x0189	0x0800      	MOVF       INDF, 0
0x018A	0x0087      	MOVWF      PORTC
;Traffic.c,79 :: 		for(i=15;i>0;i--){
0x018B	0x300F      	MOVLW      15
0x018C	0x00AE      	MOVWF      _i
L_autoh28:
0x018D	0x082E      	MOVF       _i, 0
0x018E	0x3C00      	SUBLW      0
0x018F	0x1803      	BTFSC      STATUS, 0
0x0190	0x29FA      	GOTO       L_autoh29
;Traffic.c,80 :: 		if(i==12){k=12;manChar++;portc=leds[manChar];}//greens=1;yells=0;
0x0191	0x082E      	MOVF       _i, 0
0x0192	0x3A0C      	XORLW      12
0x0193	0x1D03      	BTFSS      STATUS, 2
0x0194	0x299F      	GOTO       L_autoh31
0x0195	0x300C      	MOVLW      12
0x0196	0x00AB      	MOVWF      _k
0x0197	0x0AAC      	INCF       _manChar, 1
0x0198	0x1903      	BTFSC      STATUS, 2
0x0199	0x0AAD      	INCF       _manChar+1, 1
0x019A	0x082C      	MOVF       _manChar, 0
0x019B	0x3E2F      	ADDLW      _leds
0x019C	0x0084      	MOVWF      FSR
0x019D	0x0800      	MOVF       INDF, 0
0x019E	0x0087      	MOVWF      PORTC
L_autoh31:
;Traffic.c,81 :: 		for(j=0;j<50;j++){ if(portc.b7==0){return;}
0x019F	0x01B3      	CLRF       _j
L_autoh32:
0x01A0	0x3032      	MOVLW      50
0x01A1	0x0233      	SUBWF      _j, 0
0x01A2	0x1803      	BTFSC      STATUS, 0
0x01A3	0x29F7      	GOTO       L_autoh33
0x01A4	0x1B87      	BTFSC      PORTC, 7
0x01A5	0x29A7      	GOTO       L_autoh35
0x01A6	0x29FD      	GOTO       L_end_autoh
L_autoh35:
;Traffic.c,83 :: 		rights=k%10;   rightw=i%10;
0x01A7	0x300A      	MOVLW      10
0x01A8	0x00F4      	MOVWF      R4
0x01A9	0x082B      	MOVF       _k, 0
0x01AA	0x00F0      	MOVWF      R0
0x01AB	0x20EE      	CALL       _Div_8X8_U
0x01AC	0x0878      	MOVF       R8, 0
0x01AD	0x00F0      	MOVWF      R0
0x01AE	0x0870      	MOVF       R0, 0
0x01AF	0x00C2      	MOVWF      FLOC__autoh+1
0x01B0	0x0842      	MOVF       FLOC__autoh+1, 0
0x01B1	0x00B7      	MOVWF      _rights
0x01B2	0x300A      	MOVLW      10
0x01B3	0x00F4      	MOVWF      R4
0x01B4	0x082E      	MOVF       _i, 0
0x01B5	0x00F0      	MOVWF      R0
0x01B6	0x20EE      	CALL       _Div_8X8_U
0x01B7	0x0878      	MOVF       R8, 0
0x01B8	0x00F0      	MOVWF      R0
0x01B9	0x0870      	MOVF       R0, 0
0x01BA	0x00C1      	MOVWF      FLOC__autoh
0x01BB	0x0841      	MOVF       FLOC__autoh, 0
0x01BC	0x00B6      	MOVWF      _rightw
;Traffic.c,84 :: 		Ls=K/10;       Lw=i/10;
0x01BD	0x300A      	MOVLW      10
0x01BE	0x00F4      	MOVWF      R4
0x01BF	0x082B      	MOVF       _k, 0
0x01C0	0x00F0      	MOVWF      R0
0x01C1	0x20EE      	CALL       _Div_8X8_U
0x01C2	0x0870      	MOVF       R0, 0
0x01C3	0x00B9      	MOVWF      _Ls
0x01C4	0x300A      	MOVLW      10
0x01C5	0x00F4      	MOVWF      R4
0x01C6	0x082E      	MOVF       _i, 0
0x01C7	0x00F0      	MOVWF      R0
0x01C8	0x20EE      	CALL       _Div_8X8_U
0x01C9	0x0870      	MOVF       R0, 0
0x01CA	0x00B8      	MOVWF      _Lw
;Traffic.c,86 :: 		porta.B5=1;   portE.B1=1;                       //left segments off
0x01CB	0x1685      	BSF        PORTA, 5
0x01CC	0x1489      	BSF        PORTE, 1
;Traffic.c,87 :: 		porta.b2=0;   portE.B0=0;                        //Right segments on
0x01CD	0x1105      	BCF        PORTA, 2
0x01CE	0x1009      	BCF        PORTE, 0
;Traffic.c,88 :: 		portd=rights;        portb=rightw<<1;
0x01CF	0x0842      	MOVF       FLOC__autoh+1, 0
0x01D0	0x0088      	MOVWF      PORTD
0x01D1	0x0841      	MOVF       FLOC__autoh, 0
0x01D2	0x00F0      	MOVWF      R0
0x01D3	0x0DF0      	RLF        R0, 1
0x01D4	0x1070      	BCF        R0, 0
0x01D5	0x0870      	MOVF       R0, 0
0x01D6	0x0086      	MOVWF      PORTB
;Traffic.c,89 :: 		Delay_ms(10);
0x01D7	0x301A      	MOVLW      26
0x01D8	0x00FC      	MOVWF      R12
0x01D9	0x30F8      	MOVLW      248
0x01DA	0x00FD      	MOVWF      R13
L_autoh36:
0x01DB	0x0BFD      	DECFSZ     R13, 1
0x01DC	0x29DB      	GOTO       L_autoh36
0x01DD	0x0BFC      	DECFSZ     R12, 1
0x01DE	0x29DB      	GOTO       L_autoh36
0x01DF	0x0000      	NOP
;Traffic.c,91 :: 		porta.B5=0;   portE.B1=0;                       //left segments on
0x01E0	0x1285      	BCF        PORTA, 5
0x01E1	0x1089      	BCF        PORTE, 1
;Traffic.c,92 :: 		porta.b2=1;    portE.B0=1;                      //Right segments off
0x01E2	0x1505      	BSF        PORTA, 2
0x01E3	0x1409      	BSF        PORTE, 0
;Traffic.c,93 :: 		portd=Ls;     portb=Lw<<1;
0x01E4	0x0839      	MOVF       _Ls, 0
0x01E5	0x0088      	MOVWF      PORTD
0x01E6	0x0838      	MOVF       _Lw, 0
0x01E7	0x00F0      	MOVWF      R0
0x01E8	0x0DF0      	RLF        R0, 1
0x01E9	0x1070      	BCF        R0, 0
0x01EA	0x0870      	MOVF       R0, 0
0x01EB	0x0086      	MOVWF      PORTB
;Traffic.c,94 :: 		Delay_ms(10);
0x01EC	0x301A      	MOVLW      26
0x01ED	0x00FC      	MOVWF      R12
0x01EE	0x30F8      	MOVLW      248
0x01EF	0x00FD      	MOVWF      R13
L_autoh37:
0x01F0	0x0BFD      	DECFSZ     R13, 1
0x01F1	0x29F0      	GOTO       L_autoh37
0x01F2	0x0BFC      	DECFSZ     R12, 1
0x01F3	0x29F0      	GOTO       L_autoh37
0x01F4	0x0000      	NOP
;Traffic.c,81 :: 		for(j=0;j<50;j++){ if(portc.b7==0){return;}
0x01F5	0x0AB3      	INCF       _j, 1
;Traffic.c,96 :: 		}
0x01F6	0x29A0      	GOTO       L_autoh32
L_autoh33:
;Traffic.c,97 :: 		k--;
0x01F7	0x03AB      	DECF       _k, 1
;Traffic.c,79 :: 		for(i=15;i>0;i--){
0x01F8	0x03AE      	DECF       _i, 1
;Traffic.c,98 :: 		} manChar=0;//redw=0;  greens=0;
0x01F9	0x298D      	GOTO       L_autoh28
L_autoh29:
0x01FA	0x01AC      	CLRF       _manChar
0x01FB	0x01AD      	CLRF       _manChar+1
;Traffic.c,99 :: 		}
0x01FC	0x28FF      	GOTO       L_autoh15
L_autoh16:
;Traffic.c,101 :: 		}
L_end_autoh:
0x01FD	0x0008      	RETURN
; end of _autoh
_manualm:
;Traffic.c,12 :: 		void manualm(){
;Traffic.c,13 :: 		if(manChar==2||manChar==0){
0x01FE	0x3000      	MOVLW      0
0x01FF	0x1283      	BCF        STATUS, 5
0x0200	0x1303      	BCF        STATUS, 6
0x0201	0x062D      	XORWF      _manChar+1, 0
0x0202	0x1D03      	BTFSS      STATUS, 2
0x0203	0x2A06      	GOTO       L__manualm44
0x0204	0x3002      	MOVLW      2
0x0205	0x062C      	XORWF      _manChar, 0
L__manualm44:
0x0206	0x1903      	BTFSC      STATUS, 2
0x0207	0x2A11      	GOTO       L__manualm42
0x0208	0x3000      	MOVLW      0
0x0209	0x062D      	XORWF      _manChar+1, 0
0x020A	0x1D03      	BTFSS      STATUS, 2
0x020B	0x2A0E      	GOTO       L__manualm45
0x020C	0x3000      	MOVLW      0
0x020D	0x062C      	XORWF      _manChar, 0
L__manualm45:
0x020E	0x1903      	BTFSC      STATUS, 2
0x020F	0x2A11      	GOTO       L__manualm42
0x0210	0x2A79      	GOTO       L_manualm2
L__manualm42:
;Traffic.c,14 :: 		portc=leds[manChar];
0x0211	0x082C      	MOVF       _manChar, 0
0x0212	0x3E2F      	ADDLW      _leds
0x0213	0x0084      	MOVWF      FSR
0x0214	0x0800      	MOVF       INDF, 0
0x0215	0x0087      	MOVWF      PORTC
;Traffic.c,15 :: 		manChar++;
0x0216	0x0AAC      	INCF       _manChar, 1
0x0217	0x1903      	BTFSC      STATUS, 2
0x0218	0x0AAD      	INCF       _manChar+1, 1
;Traffic.c,17 :: 		for(mm=3;mm>=1;mm--){
0x0219	0x3003      	MOVLW      3
0x021A	0x00B4      	MOVWF      _mm
0x021B	0x3000      	MOVLW      0
0x021C	0x00B5      	MOVWF      _mm+1
L_manualm3:
0x021D	0x3080      	MOVLW      128
0x021E	0x0635      	XORWF      _mm+1, 0
0x021F	0x00F0      	MOVWF      R0
0x0220	0x3080      	MOVLW      128
0x0221	0x0270      	SUBWF      R0, 0
0x0222	0x1D03      	BTFSS      STATUS, 2
0x0223	0x2A26      	GOTO       L__manualm46
0x0224	0x3001      	MOVLW      1
0x0225	0x0234      	SUBWF      _mm, 0
L__manualm46:
0x0226	0x1C03      	BTFSS      STATUS, 0
0x0227	0x2A79      	GOTO       L_manualm4
;Traffic.c,18 :: 		x=mm%10;     xx=mm/10;
0x0228	0x300A      	MOVLW      10
0x0229	0x00F4      	MOVWF      R4
0x022A	0x3000      	MOVLW      0
0x022B	0x00F5      	MOVWF      R4+1
0x022C	0x0834      	MOVF       _mm, 0
0x022D	0x00F0      	MOVWF      R0
0x022E	0x0835      	MOVF       _mm+1, 0
0x022F	0x00F1      	MOVWF      R0+1
0x0230	0x207E      	CALL       _Div_16x16_S
0x0231	0x0878      	MOVF       R8, 0
0x0232	0x00F0      	MOVWF      R0
0x0233	0x0879      	MOVF       R8+1, 0
0x0234	0x00F1      	MOVWF      R0+1
0x0235	0x0870      	MOVF       R0, 0
0x0236	0x00BC      	MOVWF      _x
0x0237	0x300A      	MOVLW      10
0x0238	0x00F4      	MOVWF      R4
0x0239	0x3000      	MOVLW      0
0x023A	0x00F5      	MOVWF      R4+1
0x023B	0x0834      	MOVF       _mm, 0
0x023C	0x00F0      	MOVWF      R0
0x023D	0x0835      	MOVF       _mm+1, 0
0x023E	0x00F1      	MOVWF      R0+1
0x023F	0x207E      	CALL       _Div_16x16_S
0x0240	0x0870      	MOVF       R0, 0
0x0241	0x00BE      	MOVWF      _xx
;Traffic.c,19 :: 		for(nn=1;nn<=50;nn++){
0x0242	0x3001      	MOVLW      1
0x0243	0x00BD      	MOVWF      _nn
L_manualm6:
0x0244	0x083D      	MOVF       _nn, 0
0x0245	0x3C32      	SUBLW      50
0x0246	0x1C03      	BTFSS      STATUS, 0
0x0247	0x2A74      	GOTO       L_manualm7
;Traffic.c,20 :: 		porte.b0=0;
0x0248	0x1009      	BCF        PORTE, 0
;Traffic.c,21 :: 		porta.B5=1;
0x0249	0x1685      	BSF        PORTA, 5
;Traffic.c,22 :: 		porte.b1=1;
0x024A	0x1489      	BSF        PORTE, 1
;Traffic.c,23 :: 		porta.b2=0;
0x024B	0x1105      	BCF        PORTA, 2
;Traffic.c,24 :: 		portb=x<<1;     portd=x;
0x024C	0x083C      	MOVF       _x, 0
0x024D	0x00F0      	MOVWF      R0
0x024E	0x0DF0      	RLF        R0, 1
0x024F	0x1070      	BCF        R0, 0
0x0250	0x0870      	MOVF       R0, 0
0x0251	0x0086      	MOVWF      PORTB
0x0252	0x083C      	MOVF       _x, 0
0x0253	0x0088      	MOVWF      PORTD
;Traffic.c,26 :: 		Delay_ms(10);
0x0254	0x301A      	MOVLW      26
0x0255	0x00FC      	MOVWF      R12
0x0256	0x30F8      	MOVLW      248
0x0257	0x00FD      	MOVWF      R13
L_manualm9:
0x0258	0x0BFD      	DECFSZ     R13, 1
0x0259	0x2A58      	GOTO       L_manualm9
0x025A	0x0BFC      	DECFSZ     R12, 1
0x025B	0x2A58      	GOTO       L_manualm9
0x025C	0x0000      	NOP
;Traffic.c,28 :: 		porte.b0=1;
0x025D	0x1409      	BSF        PORTE, 0
;Traffic.c,29 :: 		porta.B5=0;
0x025E	0x1285      	BCF        PORTA, 5
;Traffic.c,30 :: 		porte.b1=0;
0x025F	0x1089      	BCF        PORTE, 1
;Traffic.c,31 :: 		porta.b2=1;
0x0260	0x1505      	BSF        PORTA, 2
;Traffic.c,32 :: 		portb=xx<<1;     portd=xx;
0x0261	0x083E      	MOVF       _xx, 0
0x0262	0x00F0      	MOVWF      R0
0x0263	0x0DF0      	RLF        R0, 1
0x0264	0x1070      	BCF        R0, 0
0x0265	0x0870      	MOVF       R0, 0
0x0266	0x0086      	MOVWF      PORTB
0x0267	0x083E      	MOVF       _xx, 0
0x0268	0x0088      	MOVWF      PORTD
;Traffic.c,33 :: 		Delay_ms(10);
0x0269	0x301A      	MOVLW      26
0x026A	0x00FC      	MOVWF      R12
0x026B	0x30F8      	MOVLW      248
0x026C	0x00FD      	MOVWF      R13
L_manualm10:
0x026D	0x0BFD      	DECFSZ     R13, 1
0x026E	0x2A6D      	GOTO       L_manualm10
0x026F	0x0BFC      	DECFSZ     R12, 1
0x0270	0x2A6D      	GOTO       L_manualm10
0x0271	0x0000      	NOP
;Traffic.c,19 :: 		for(nn=1;nn<=50;nn++){
0x0272	0x0ABD      	INCF       _nn, 1
;Traffic.c,34 :: 		}
0x0273	0x2A44      	GOTO       L_manualm6
L_manualm7:
;Traffic.c,17 :: 		for(mm=3;mm>=1;mm--){
0x0274	0x3001      	MOVLW      1
0x0275	0x02B4      	SUBWF      _mm, 1
0x0276	0x1C03      	BTFSS      STATUS, 0
0x0277	0x03B5      	DECF       _mm+1, 1
;Traffic.c,35 :: 		}
0x0278	0x2A1D      	GOTO       L_manualm3
L_manualm4:
;Traffic.c,37 :: 		}
L_manualm2:
;Traffic.c,38 :: 		portc=leds[manChar];
0x0279	0x082C      	MOVF       _manChar, 0
0x027A	0x3E2F      	ADDLW      _leds
0x027B	0x0084      	MOVWF      FSR
0x027C	0x0800      	MOVF       INDF, 0
0x027D	0x0087      	MOVWF      PORTC
;Traffic.c,39 :: 		porte=7;porta=63;
0x027E	0x3007      	MOVLW      7
0x027F	0x0089      	MOVWF      PORTE
0x0280	0x303F      	MOVLW      63
0x0281	0x0085      	MOVWF      PORTA
;Traffic.c,40 :: 		}
L_end_manualm:
0x0282	0x0008      	RETURN
; end of _manualm
___CC2DW:
;__Lib_System.c,134 :: 		
;__Lib_System.c,137 :: 		
_CC2D_Loop1:
;__Lib_System.c,139 :: 		
0x0283	0x20E7      	CALL       _____DoICP
0x0284	0x118A      	BCF        PCLATH, 3
0x0285	0x120A      	BCF        PCLATH, 4
;__Lib_System.c,141 :: 		
0x0286	0x0080      	MOVWF      INDF
;__Lib_System.c,142 :: 		
0x0287	0x0A84      	INCF       FSR, 1
;__Lib_System.c,143 :: 		
0x0288	0x0ABA      	INCF       ___DoICPAddr, 1
;__Lib_System.c,145 :: 		
0x0289	0x1903      	BTFSC      STATUS, 2
;__Lib_System.c,146 :: 		
0x028A	0x0ABB      	INCF       ___DoICPAddr+1, 1
;__Lib_System.c,147 :: 		
0x028B	0x03F0      	DECF       R0, 1
;__Lib_System.c,149 :: 		
0x028C	0x1D03      	BTFSS      STATUS, 2
;__Lib_System.c,150 :: 		
0x028D	0x2A83      	GOTO       _CC2D_Loop1
;__Lib_System.c,152 :: 		
L_end___CC2DW:
0x028E	0x0008      	RETURN
; end of ___CC2DW
_main:
0x028F	0x3003      	MOVLW      3
0x0290	0x1283      	BCF        STATUS, 5
0x0291	0x1303      	BCF        STATUS, 6
0x0292	0x00AB      	MOVWF      _k
0x0293	0x01AC      	CLRF       _manChar
0x0294	0x01AD      	CLRF       45
0x0295	0x01AE      	CLRF       _i
0x0296	0x3011      	MOVLW      17
0x0297	0x00AF      	MOVWF      _leds
0x0298	0x3021      	MOVLW      33
0x0299	0x00B0      	MOVWF      48
0x029A	0x300A      	MOVLW      10
0x029B	0x00B1      	MOVWF      49
0x029C	0x300C      	MOVLW      12
0x029D	0x00B2      	MOVWF      50
0x029E	0x01B3      	CLRF       _j
0x029F	0x01B4      	CLRF       _mm
0x02A0	0x01B5      	CLRF       53
0x02A1	0x01B6      	CLRF       _rightw
0x02A2	0x01B7      	CLRF       _rights
0x02A3	0x01B8      	CLRF       _Lw
0x02A4	0x01B9      	CLRF       _Ls
;Traffic.c,102 :: 		void main() {
;Traffic.c,103 :: 		TRISB=0b00000001;PORTB=0;   GIE_bit=1;
0x02A5	0x3001      	MOVLW      1
0x02A6	0x1683      	BSF        STATUS, 5
0x02A7	0x0086      	MOVWF      TRISB
0x02A8	0x1283      	BCF        STATUS, 5
0x02A9	0x0186      	CLRF       PORTB
0x02AA	0x178B      	BSF        GIE_bit, BitPos(GIE_bit+0)
;Traffic.c,104 :: 		INTE_BIT=1;
0x02AB	0x160B      	BSF        INTE_bit, BitPos(INTE_bit+0)
;Traffic.c,105 :: 		INTEDG_bit=1;
0x02AC	0x1683      	BSF        STATUS, 5
0x02AD	0x1701      	BSF        INTEDG_bit, BitPos(INTEDG_bit+0)
;Traffic.c,106 :: 		TRISE=0;PORTE=0;
0x02AE	0x0189      	CLRF       TRISE
0x02AF	0x1283      	BCF        STATUS, 5
0x02B0	0x0189      	CLRF       PORTE
;Traffic.c,107 :: 		TRISC=0b10000000;PORTC=0;
0x02B1	0x3080      	MOVLW      128
0x02B2	0x1683      	BSF        STATUS, 5
0x02B3	0x0087      	MOVWF      TRISC
0x02B4	0x1283      	BCF        STATUS, 5
0x02B5	0x0187      	CLRF       PORTC
;Traffic.c,108 :: 		TRISA=0b000001;//PORTA=0;
0x02B6	0x3001      	MOVLW      1
0x02B7	0x1683      	BSF        STATUS, 5
0x02B8	0x0085      	MOVWF      TRISA
;Traffic.c,109 :: 		TRISD=0;PORTD=0;
0x02B9	0x0188      	CLRF       TRISD
0x02BA	0x1283      	BCF        STATUS, 5
0x02BB	0x0188      	CLRF       PORTD
;Traffic.c,112 :: 		while(1){
L_main38:
;Traffic.c,113 :: 		if(portc.b7==1){autoh();}
0x02BC	0x1F87      	BTFSS      PORTC, 7
0x02BD	0x2AC0      	GOTO       L_main40
0x02BE	0x20FF      	CALL       _autoh
0x02BF	0x2AC1      	GOTO       L_main41
L_main40:
;Traffic.c,115 :: 		manualm();}
0x02C0	0x21FE      	CALL       _manualm
L_main41:
;Traffic.c,116 :: 		}}
0x02C1	0x2ABC      	GOTO       L_main38
L_end_main:
0x02C2	0x2AC2      	GOTO       $+0
; end of _main
Symbol List:
//** Routines locations **
//ADDRESS    SIZE    PROCEDURE
//----------------------------------------------
0x0004      [78]    _interrupt
0x0052      [44]    _Div_16x16_S_L
0x007E     [105]    _Div_16x16_S
0x00E7       [7]    _____DoICP
0x00EE      [17]    _Div_8X8_U
0x00FF     [255]    _autoh
0x01FE     [133]    _manualm
0x0283      [12]    ___CC2DW
0x028F      [52]    _main
//** Variables locations ** 
//ADDRESS    SIZE    VARIABLE
//----------------------------------------------
0x0000       [1]    INDF
0x0002       [1]    PCL
0x0003       [1]    STATUS
0x0004       [1]    FSR
0x0005       [1]    PORTA
0x0006       [1]    PORTB
0x0007       [1]    PORTC
0x0008       [1]    PORTD
0x0009       [1]    PORTE
0x000A       [1]    PCLATH
0x000B       [0]    INTF_bit
0x000B       [0]    GIE_bit
0x000B       [0]    INTE_bit
0x002B       [1]    _k
0x002C       [2]    _manChar
0x002E       [1]    _i
0x002F       [4]    _leds
0x0033       [1]    _j
0x0034       [2]    _mm
0x0036       [1]    _rightw
0x0037       [1]    _rights
0x0038       [1]    _Lw
0x0039       [1]    _Ls
0x003A       [2]    ___DoICPAddr
0x003C       [1]    _x
0x003D       [1]    _nn
0x003E       [1]    _xx
0x003F       [1]    ___savePCLATH
0x0040       [1]    ___saveSTATUS
0x0041       [2]    FLOC__autoh
0x0070       [1]    R0
0x0071       [1]    R1
0x0072       [1]    R2
0x0073       [1]    R3
0x0074       [1]    R4
0x0075       [1]    R5
0x0076       [1]    R6
0x0077       [1]    R7
0x0078       [1]    R8
0x0079       [1]    R9
0x007A       [1]    R10
0x007B       [1]    R11
0x007C       [1]    R12
0x007D       [1]    R13
0x007E       [1]    R14
0x007F       [1]    R15
0x0081       [0]    INTEDG_bit
0x0085       [1]    TRISA
0x0086       [1]    TRISB
0x0087       [1]    TRISC
0x0088       [1]    TRISD
0x0089       [1]    TRISE
//** Label List: ** 
//----------------------------------------------
  L_manualm0
  L_manualm1
  L_manualm2
  L_manualm3
  L_manualm4
  L_manualm5
  L_manualm6
  L_manualm7
  L_manualm8
  L_manualm9
  L_manualm10
  L_interrupt11
  L_interrupt12
  L_interrupt13
  L_interrupt14
  L_autoh15
  L_autoh16
  L_autoh17
  L_autoh18
  L_autoh19
  L_autoh20
  L_autoh21
  L_autoh22
  L_autoh23
  L_autoh24
  L_autoh25
  L_autoh26
  L_autoh27
  L_autoh28
  L_autoh29
  L_autoh30
  L_autoh31
  L_autoh32
  L_autoh33
  L_autoh34
  L_autoh35
  L_autoh36
  L_autoh37
  L_main38
  L_main39
  L_main40
  L_main41
  L__manualm42
  L_end_manualm
  _manualm
  L__manualm44
  L__manualm45
  L__manualm46
  L_end_interrupt
  _interrupt
  L__interrupt48
  L__interrupt49
  L_end_autoh
  _autoh
  L_end_main
  _main
  L_Div_16x16_S0
  L_Div_16x16_S1
  LOOPS3232A
  SADD22LA
  SOK22LA
  SADD22L8
  SOK22L8
  LOOPS3232B
  SADD22LB
  SOK22LB
  SADD22L16
  SOK22L16
  LOOPS3232C
  SADD22LC
  SOK22LC
  SADD22L24
  SOK22L24
  LOOPS3232D
  SADD22LD
  SOK22LD
  SOK22L
  L_Div_32x32_S6
  L_Div_32x32_S7
  L_Div_32x32_S8
  L_Div_32x32_S9
  FXD3232S
  END_ALL
  CA3232S
  C3232SX
  C3232SX1
  C3232S
  C3232S2
  C3232SX4
  C3232SOK
  C3232SX3
  C3232SX2
  avoid_comfrem
  LOOPU3232A
  UADD22LA
  UOK22LA
  UADD22L8
  UOK22L8
  LOOPU3232B
  UADD22LB
  UOK22LB
  UADD22L16
  UOK22L16
  LOOPU3232C
  UADD22LC
  UOK22LC
  UADD22L24
  UOK22L24
  LOOPU3232D
  UADD22LD
  UOK22LD
  UOK22L
  _NEXT
  _EXIT2
  _LOOP
  _EXIT1
  _IF_FIRST
  _IF_SECOND
  _INVERCE_FIRST
  _MULT
  _INBERSE_SECOND
  _EXIT
  L_end_Mul_8X8_U
  _Mul_8X8_U
  L_end_Mul_16X16_U
  _Mul_16X16_U
  L_end_Div_8X8_U
  _Div_8X8_U
  L_end_Div_16X16_U
  _Div_16X16_U
  L_end_Mul_8X8_S
  _Mul_8X8_S
  L_end_Mul_16X16_S
  _Mul_16X16_S
  L_end_Div_16x16_S_L
  _Div_16x16_S_L
  L_end_Div_16x16_S
  _Div_16x16_S
  L_end_Div_8X8_S
  _Div_8X8_S
  L_end_SDIV3232L
  _SDIV3232L
  L_end_COMFREM
  _COMFREM
  L_end_Div_32x32_S
  _Div_32x32_S
  L_end_Div_32x32_U
  _Div_32x32_U
  L_end_Mul_32x32_U
  _Mul_32x32_U
  L_end_Mul_32x32_S
  _Mul_32x32_S
  L_loopCA2AWs
  L_CA2AWend
  _CCA2AW_Loop1
  L_loopCS2Ss
  L_CS2Send
  _CCS2S_Loop1
  L_CCS2Send
  L_loopFZinSWs
  L_FZinSend
  _CC2D_Loop1
  L_end_____DoICP
  _____DoICP
  L_end_____DoIFC
  _____DoIFC
  L_end___CA2AW
  ___CA2AW
  L_end___CCA2AW
  ___CCA2AW
  L_end___CS2S
  ___CS2S
  L_end___CCS2S
  ___CCS2S
  L_end___FZinS
  ___FZinS
  L_end___CC2DW
  ___CC2DW
  L_end_Swap
  _Swap
  L_manualm0
  L_manualm1
  L_manualm2
  L_manualm3
  L_manualm4
  L_manualm5
  L_manualm6
  L_manualm7
  L_manualm8
  L_manualm9
  L_manualm10
  L_interrupt11
  L_interrupt12
  L_interrupt13
  L_interrupt14
  L_autoh15
  L_autoh16
  L_autoh17
  L_autoh18
  L_autoh19
  L_autoh20
  L_autoh21
  L_autoh22
  L_autoh23
  L_autoh24
  L_autoh25
  L_autoh26
  L_autoh27
  L_autoh28
  L_autoh29
  L_autoh30
  L_autoh31
  L_autoh32
  L_autoh33
  L_autoh34
  L_autoh35
  L_autoh36
  L_autoh37
  L_main38
  L_main39
  L_main40
  L_main41
  L__manualm42
  L_end_manualm
  _manualm
  L__manualm44
  L__manualm45
  L__manualm46
  L_end_interrupt
  _interrupt
  L__interrupt48
  L__interrupt49
  L_end_autoh
  _autoh
  L_end_main
  _main
